<?xml version="1.0" encoding="UTF-8"?>
<!-- Generated by org.testng.reporters.JUnitReportReporter -->
<testsuite hostname="LAPTOP-SOJBC8TS" failures="0" tests="5" name="NixonexE_commerce.NixonexE_commerce.AppTest" time="14.844" errors="0" timestamp="2025-05-04T18:53:47 IST" skipped="0">
  <testcase classname="NixonexE_commerce.NixonexE_commerce.AppTest" name="registration" time="2.240"/>
  <system-out/>
  <testcase classname="NixonexE_commerce.NixonexE_commerce.AppTest" name="searchProduct" time="2.330"/>
  <system-out/>
  <testcase classname="NixonexE_commerce.NixonexE_commerce.AppTest" name="AddtoCart" time="3.652"/>
  <system-out/>
  <testcase classname="NixonexE_commerce.NixonexE_commerce.AppTest" name="cartClick" time="5.268"/>
  <system-out/>
  <testcase classname="NixonexE_commerce.NixonexE_commerce.AppTest" name="placeOrder" time="1.354"/>
  <system-out/>
</testsuite> <!-- NixonexE_commerce.NixonexE_commerce.AppTest -->
